<?xml version="1.0" encoding="UTF-8"?>
<!-- Generated by org.testng.reporters.JUnitXMLReporter -->
<testsuite ignored="0" hostname="LAPTOP-7QKGEBBS" failures="0" tests="13" name="Surefire test" time="0.067" errors="0" timestamp="2021-12-09T20:24:11 PET">
  <testcase classname="ing.PrincipalTest" name="calculate_average_grade_given_different_exam_grades_and_attending_the_minimum_classes" time="0.016"/>
  <testcase classname="ing.PrincipalTest" name="calculate_same_grade_given_one_single_exam_and_attending_the_minimum_classes" time="0.0"/>
  <testcase classname="ing.PrincipalTest" name="fail_given_different_exam_grades_but_not_attending_the_minimum_classes" time="0.001"/>
  <testcase classname="ing.PrincipalTest" name="fail_given_odd_exam_grades_but_attending_the_minimum_classes" time="0.0"/>
  <testcase classname="ing.PrincipalTest" name="fail_given_one_single_exam_but_not_attending_the_minimum_classes" time="0.001"/>
  <testcase classname="ing.PrincipalTest" name="fail_given_there_are_no_exams" time="0.0"/>
  <testcase classname="ing.PrincipalTest" name="fail_when_there_are_no_exams_and_has_not_attended_the_minimum_classes" time="0.0"/>
  <testcase classname="ing.PrincipalTest" name="increase_one_extra_point_if_there_is_any_benevolent_teacher_in_the_year_to_calculate_grades" time="0.0"/>
  <testcase classname="ing.PrincipalTest" name="maintain_10_as_the_maximum_grade_even_if_increasing_one_extra_point" time="0.0"/>
  <testcase classname="ing.PrincipalTest" name="not_increase_one_extra_point_if_there_is_not_any_benevolent_teacher_in_the_year_to_calculate_grades" time="0.0"/>
  <testcase classname="ing.PrincipalTest" name="round_up_to_2_decimals_given_odd_exam_grades_and_attending_the_minimum_classes" time="0.0"/>
  <testcase classname="ing.PrincipalTest" name="validate_all_exam_grades_weight_below_100" time="0.0"/>
  <testcase classname="ing.PrincipalTest" name="validate_all_exam_grades_weight_over_100" time="0.0"/>
</testsuite> <!-- Surefire test -->
